<?xml version="1.0" encoding="UTF-8"?>
<!-- Generated by org.testng.reporters.JUnitXMLReporter -->
<testsuite ignored="4" hostname="DESKTOP-VG18RRG" failures="0" tests="11" name="Regresion_Test" time="8.817" errors="0" timestamp="2021-07-21T23:40:45 IST">
  <testcase classname="testScenarios.TS_CarLoan" name="TC_carLoanSelect" time="0.955"/>
  <testcase classname="testScenarios.TS_CarLoan" name="TC_enterDetails" time="1.875"/>
  <testcase classname="testScenarios.TS_CarLoan" name="TC_selectMonth" time="1.071"/>
  <testcase classname="testScenarios.TS_CarLoan" name="TC_displayResult" time="0.377"/>
  <testcase classname="testScenarios.TS_HomeLoan" name="TC_homeLoanSelect" time="0.557"/>
  <testcase classname="testScenarios.TS_HomeLoan" name="TC_readHomeLoanData" time="1.339"/>
  <testcase classname="testScenarios.TS_HomeLoan" name="TC_scrollDown" time="0.259"/>
  <testcase classname="testScenarios.TS_HomeLoan" name="TC_yearWiseData" time="0.806"/>
  <testcase classname="testScenarios.TS_PersonalLoan" name="TC_personalLoanSelect" time="0.426"/>
  <testcase classname="testScenarios.TS_PersonalLoan" name="TC_enterDetails" time="0.846"/>
  <testcase classname="testScenarios.TS_PersonalLoan" name="TC_scrollDown" time="0.281"/>
  <testcase classname="testScenarios.DriverSetup" name="@BeforeSuite openWebsite" time="0.0">
    <ignored/>
  </testcase> <!-- @BeforeSuite openWebsite -->
  <testcase classname="testScenarios.DriverSetup" name="@BeforeSuite openWebsite" time="0.0">
    <ignored/>
  </testcase> <!-- @BeforeSuite openWebsite -->
  <testcase classname="testScenarios.DriverSetup" name="@AfterSuite exitBrowser" time="0.0">
    <ignored/>
  </testcase> <!-- @AfterSuite exitBrowser -->
  <testcase classname="testScenarios.DriverSetup" name="@AfterSuite exitBrowser" time="0.0">
    <ignored/>
  </testcase> <!-- @AfterSuite exitBrowser -->
</testsuite> <!-- Regresion_Test -->
