<?xml version="1.0" encoding="UTF-8"?>
<!-- Generated by org.testng.reporters.JUnitXMLReporter -->
<testsuite ignored="0" hostname="DESKTOP-VG18RRG" failures="0" tests="4" name="Smoke_Test" time="18.664" errors="0" timestamp="2021-07-21T23:41:40 IST">
  <testcase classname="testScenarios.TS_UICheck" name="TC_selectLoanCalculator" time="6.199"/>
  <testcase classname="testScenarios.TS_UICheck" name="TC_emiCalculator" time="5.166"/>
  <testcase classname="testScenarios.TS_UICheck" name="TC_loanAmountCalculator" time="3.624"/>
  <testcase classname="testScenarios.TS_UICheck" name="TC_loanTenureCalculator" time="3.652"/>
</testsuite> <!-- Smoke_Test -->
