<?xml version="1.0" encoding="UTF-8"?>
<!-- Generated by org.testng.reporters.JUnitXMLReporter -->
<testsuite ignored="4" hostname="DESKTOP-VG18RRG" failures="0" tests="11" name="Regresion_Test" time="11.885" errors="0" timestamp="2021-07-21T23:38:49 IST">
  <testcase classname="testScenarios.TS_CarLoan" name="TC_carLoanSelect" time="0.787"/>
  <testcase classname="testScenarios.TS_CarLoan" name="TC_enterDetails" time="1.3"/>
  <testcase classname="testScenarios.TS_CarLoan" name="TC_selectMonth" time="0.946"/>
  <testcase classname="testScenarios.TS_CarLoan" name="TC_displayResult" time="2.608"/>
  <testcase classname="testScenarios.TS_HomeLoan" name="TC_homeLoanSelect" time="0.622"/>
  <testcase classname="testScenarios.TS_HomeLoan" name="TC_readHomeLoanData" time="2.519"/>
  <testcase classname="testScenarios.TS_HomeLoan" name="TC_scrollDown" time="0.321"/>
  <testcase classname="testScenarios.TS_HomeLoan" name="TC_yearWiseData" time="0.96"/>
  <testcase classname="testScenarios.TS_PersonalLoan" name="TC_personalLoanSelect" time="0.472"/>
  <testcase classname="testScenarios.TS_PersonalLoan" name="TC_enterDetails" time="0.895"/>
  <testcase classname="testScenarios.TS_PersonalLoan" name="TC_scrollDown" time="0.331"/>
  <testcase classname="testScenarios.DriverSetup" name="@BeforeSuite openWebsite" time="0.0">
    <ignored/>
  </testcase> <!-- @BeforeSuite openWebsite -->
  <testcase classname="testScenarios.DriverSetup" name="@BeforeSuite openWebsite" time="0.0">
    <ignored/>
  </testcase> <!-- @BeforeSuite openWebsite -->
  <testcase classname="testScenarios.DriverSetup" name="@AfterSuite exitBrowser" time="0.0">
    <ignored/>
  </testcase> <!-- @AfterSuite exitBrowser -->
  <testcase classname="testScenarios.DriverSetup" name="@AfterSuite exitBrowser" time="0.0">
    <ignored/>
  </testcase> <!-- @AfterSuite exitBrowser -->
</testsuite> <!-- Regresion_Test -->
