<?xml version="1.0" encoding="UTF-8"?>
<!-- Generated by org.testng.reporters.JUnitXMLReporter -->
<testsuite ignored="4" hostname="DESKTOP-VG18RRG" failures="0" tests="11" name="Regresion_Test" time="10.316" errors="0" timestamp="2021-07-21T23:42:19 IST">
  <testcase classname="testScenarios.TS_CarLoan" name="TC_carLoanSelect" time="0.608"/>
  <testcase classname="testScenarios.TS_CarLoan" name="TC_enterDetails" time="2.319"/>
  <testcase classname="testScenarios.TS_CarLoan" name="TC_selectMonth" time="0.919"/>
  <testcase classname="testScenarios.TS_CarLoan" name="TC_displayResult" time="0.266"/>
  <testcase classname="testScenarios.TS_HomeLoan" name="TC_homeLoanSelect" time="0.597"/>
  <testcase classname="testScenarios.TS_HomeLoan" name="TC_readHomeLoanData" time="1.869"/>
  <testcase classname="testScenarios.TS_HomeLoan" name="TC_scrollDown" time="0.157"/>
  <testcase classname="testScenarios.TS_HomeLoan" name="TC_yearWiseData" time="0.705"/>
  <testcase classname="testScenarios.TS_PersonalLoan" name="TC_personalLoanSelect" time="0.511"/>
  <testcase classname="testScenarios.TS_PersonalLoan" name="TC_enterDetails" time="2.051"/>
  <testcase classname="testScenarios.TS_PersonalLoan" name="TC_scrollDown" time="0.245"/>
  <testcase classname="testScenarios.DriverSetup" name="@BeforeSuite openWebsite" time="0.0">
    <ignored/>
  </testcase> <!-- @BeforeSuite openWebsite -->
  <testcase classname="testScenarios.DriverSetup" name="@BeforeSuite openWebsite" time="0.0">
    <ignored/>
  </testcase> <!-- @BeforeSuite openWebsite -->
  <testcase classname="testScenarios.DriverSetup" name="@AfterSuite exitBrowser" time="0.0">
    <ignored/>
  </testcase> <!-- @AfterSuite exitBrowser -->
  <testcase classname="testScenarios.DriverSetup" name="@AfterSuite exitBrowser" time="0.0">
    <ignored/>
  </testcase> <!-- @AfterSuite exitBrowser -->
</testsuite> <!-- Regresion_Test -->
